  sample.cpp
c:\users\akshi\visualstudioprojects\skeleton2017\skeleton2017_new_zip\skeleton2017\sample.cpp(350): warning C4091: 'typedef ': ignored on left of 'node1' when no variable is declared
c:\users\akshi\visualstudioprojects\skeleton2017\skeleton2017_new_zip\skeleton2017\sample.cpp(354): warning C4091: 'typedef ': ignored on left of 'lineseg' when no variable is declared
c:\users\akshi\visualstudioprojects\skeleton2017\skeleton2017_new_zip\skeleton2017\sample.cpp(359): warning C4091: 'typedef ': ignored on left of 'quad' when no variable is declared
c:\users\akshi\visualstudioprojects\skeleton2017\skeleton2017_new_zip\skeleton2017\sample.cpp(716): warning C4305: '=': truncation from 'double' to 'float'
c:\users\akshi\visualstudioprojects\skeleton2017\skeleton2017_new_zip\skeleton2017\sample.cpp(717): warning C4305: '=': truncation from 'double' to 'float'
c:\users\akshi\visualstudioprojects\skeleton2017\skeleton2017_new_zip\skeleton2017\sample.cpp(718): warning C4305: '=': truncation from 'double' to 'float'
c:\users\akshi\visualstudioprojects\skeleton2017\skeleton2017_new_zip\skeleton2017\sample.cpp(736): warning C4305: '=': truncation from 'double' to 'float'
c:\users\akshi\visualstudioprojects\skeleton2017\skeleton2017_new_zip\skeleton2017\sample.cpp(740): warning C4305: '=': truncation from 'double' to 'float'
c:\users\akshi\visualstudioprojects\skeleton2017\skeleton2017_new_zip\skeleton2017\sample.cpp(741): warning C4305: '=': truncation from 'double' to 'float'
c:\users\akshi\visualstudioprojects\skeleton2017\skeleton2017_new_zip\skeleton2017\sample.cpp(742): warning C4305: '=': truncation from 'double' to 'float'
c:\users\akshi\visualstudioprojects\skeleton2017\skeleton2017_new_zip\skeleton2017\sample.cpp(746): warning C4305: '=': truncation from 'double' to 'float'
c:\users\akshi\visualstudioprojects\skeleton2017\skeleton2017_new_zip\skeleton2017\sample.cpp(747): warning C4305: '=': truncation from 'double' to 'float'
c:\users\akshi\visualstudioprojects\skeleton2017\skeleton2017_new_zip\skeleton2017\sample.cpp(748): warning C4305: '=': truncation from 'double' to 'float'
c:\users\akshi\visualstudioprojects\skeleton2017\skeleton2017_new_zip\skeleton2017\sample.cpp(752): warning C4305: '=': truncation from 'double' to 'float'
c:\users\akshi\visualstudioprojects\skeleton2017\skeleton2017_new_zip\skeleton2017\sample.cpp(754): warning C4305: '=': truncation from 'double' to 'float'
c:\users\akshi\visualstudioprojects\skeleton2017\skeleton2017_new_zip\skeleton2017\sample.cpp(758): warning C4305: '=': truncation from 'double' to 'float'
c:\users\akshi\visualstudioprojects\skeleton2017\skeleton2017_new_zip\skeleton2017\sample.cpp(759): warning C4305: '=': truncation from 'double' to 'float'
c:\users\akshi\visualstudioprojects\skeleton2017\skeleton2017_new_zip\skeleton2017\sample.cpp(760): warning C4305: '=': truncation from 'double' to 'float'
c:\users\akshi\visualstudioprojects\skeleton2017\skeleton2017_new_zip\skeleton2017\sample.cpp(763): warning C4305: '=': truncation from 'double' to 'float'
c:\users\akshi\visualstudioprojects\skeleton2017\skeleton2017_new_zip\skeleton2017\sample.cpp(765): warning C4305: '=': truncation from 'double' to 'float'
c:\users\akshi\visualstudioprojects\skeleton2017\skeleton2017_new_zip\skeleton2017\sample.cpp(1578): warning C4005: 'X': macro redefinition
  c:\users\akshi\visualstudioprojects\skeleton2017\skeleton2017_new_zip\skeleton2017\sample.cpp(397): note: see previous definition of 'X'
c:\users\akshi\visualstudioprojects\skeleton2017\skeleton2017_new_zip\skeleton2017\sample.cpp(1579): warning C4005: 'Y': macro redefinition
  c:\users\akshi\visualstudioprojects\skeleton2017\skeleton2017_new_zip\skeleton2017\sample.cpp(398): note: see previous definition of 'Y'
c:\users\akshi\visualstudioprojects\skeleton2017\skeleton2017_new_zip\skeleton2017\sample.cpp(1580): warning C4005: 'Z': macro redefinition
  c:\users\akshi\visualstudioprojects\skeleton2017\skeleton2017_new_zip\skeleton2017\sample.cpp(399): note: see previous definition of 'Z'
c:\users\akshi\visualstudioprojects\skeleton2017\skeleton2017_new_zip\skeleton2017\sample.cpp(1979): warning C4305: 'initializing': truncation from 'double' to 'GLfloat'
c:\users\akshi\visualstudioprojects\skeleton2017\skeleton2017_new_zip\skeleton2017\sample.cpp(1980): warning C4305: 'initializing': truncation from 'double' to 'GLfloat'
c:\users\akshi\visualstudioprojects\skeleton2017\skeleton2017_new_zip\skeleton2017\sample.cpp(2013): warning C4305: '=': truncation from 'double' to 'GLfloat'
c:\users\akshi\visualstudioprojects\skeleton2017\skeleton2017_new_zip\skeleton2017\sample.cpp(2047): warning C4305: '=': truncation from 'double' to 'GLfloat'
c:\users\akshi\visualstudioprojects\skeleton2017\skeleton2017_new_zip\skeleton2017\sample.cpp(2048): warning C4305: '=': truncation from 'double' to 'GLfloat'
c:\users\akshi\visualstudioprojects\skeleton2017\skeleton2017_new_zip\skeleton2017\sample.cpp(2049): warning C4305: '=': truncation from 'double' to 'GLfloat'
c:\users\akshi\visualstudioprojects\skeleton2017\skeleton2017_new_zip\skeleton2017\sample.cpp(2036): warning C4101: 'j': unreferenced local variable
c:\users\akshi\visualstudioprojects\skeleton2017\skeleton2017_new_zip\skeleton2017\sample.cpp(2036): warning C4101: 'i': unreferenced local variable
c:\users\akshi\visualstudioprojects\skeleton2017\skeleton2017_new_zip\skeleton2017\sample.cpp(2271): warning C4101: 'jitter': unreferenced local variable
c:\users\akshi\visualstudioprojects\skeleton2017\skeleton2017_new_zip\skeleton2017\sample.cpp(2413): warning C4018: '<': signed/unsigned mismatch
c:\users\akshi\visualstudioprojects\skeleton2017\skeleton2017_new_zip\skeleton2017\sample.cpp(2434): warning C4477: 'fscanf' : format string '%d' requires an argument of type 'int *', but variadic argument 1 has type 'const int *'
c:\users\akshi\visualstudioprojects\skeleton2017\skeleton2017_new_zip\skeleton2017\sample.cpp(2434): warning C4477: 'fscanf' : format string '%d' requires an argument of type 'int *', but variadic argument 2 has type 'const int *'
c:\users\akshi\visualstudioprojects\skeleton2017\skeleton2017_new_zip\skeleton2017\sample.cpp(3267): warning C4305: '=': truncation from 'double' to 'float'
c:\users\akshi\visualstudioprojects\skeleton2017\skeleton2017_new_zip\skeleton2017\sample.cpp(3272): warning C4305: '=': truncation from 'double' to 'float'
c:\users\akshi\visualstudioprojects\skeleton2017\skeleton2017_new_zip\skeleton2017\sample.cpp(3295): warning C4305: '=': truncation from 'double' to 'float'
c:\users\akshi\visualstudioprojects\skeleton2017\skeleton2017_new_zip\skeleton2017\sample.cpp(3300): warning C4305: '=': truncation from 'double' to 'float'
c:\users\akshi\visualstudioprojects\skeleton2017\skeleton2017_new_zip\skeleton2017\sample.cpp(3323): warning C4305: '=': truncation from 'double' to 'float'
c:\users\akshi\visualstudioprojects\skeleton2017\skeleton2017_new_zip\skeleton2017\sample.cpp(3328): warning C4305: '=': truncation from 'double' to 'float'
  Skeleton2017.vcxproj -> C:\Users\akshi\VisualStudioProjects\Skeleton2017\Skeleton2017_new_zip\Debug\Skeleton2017.exe
