  sample.cpp
c:\users\akshi\visualstudioprojects\skeleton2017\skeleton2017_new_zip\skeleton2017\sample.cpp(620): warning C4305: '=': truncation from 'double' to 'float'
c:\users\akshi\visualstudioprojects\skeleton2017\skeleton2017_new_zip\skeleton2017\sample.cpp(621): warning C4305: '=': truncation from 'double' to 'float'
c:\users\akshi\visualstudioprojects\skeleton2017\skeleton2017_new_zip\skeleton2017\sample.cpp(622): warning C4305: '=': truncation from 'double' to 'float'
c:\users\akshi\visualstudioprojects\skeleton2017\skeleton2017_new_zip\skeleton2017\sample.cpp(640): warning C4305: '=': truncation from 'double' to 'float'
c:\users\akshi\visualstudioprojects\skeleton2017\skeleton2017_new_zip\skeleton2017\sample.cpp(644): warning C4305: '=': truncation from 'double' to 'float'
c:\users\akshi\visualstudioprojects\skeleton2017\skeleton2017_new_zip\skeleton2017\sample.cpp(645): warning C4305: '=': truncation from 'double' to 'float'
c:\users\akshi\visualstudioprojects\skeleton2017\skeleton2017_new_zip\skeleton2017\sample.cpp(646): warning C4305: '=': truncation from 'double' to 'float'
c:\users\akshi\visualstudioprojects\skeleton2017\skeleton2017_new_zip\skeleton2017\sample.cpp(650): warning C4305: '=': truncation from 'double' to 'float'
c:\users\akshi\visualstudioprojects\skeleton2017\skeleton2017_new_zip\skeleton2017\sample.cpp(651): warning C4305: '=': truncation from 'double' to 'float'
c:\users\akshi\visualstudioprojects\skeleton2017\skeleton2017_new_zip\skeleton2017\sample.cpp(652): warning C4305: '=': truncation from 'double' to 'float'
c:\users\akshi\visualstudioprojects\skeleton2017\skeleton2017_new_zip\skeleton2017\sample.cpp(656): warning C4305: '=': truncation from 'double' to 'float'
c:\users\akshi\visualstudioprojects\skeleton2017\skeleton2017_new_zip\skeleton2017\sample.cpp(658): warning C4305: '=': truncation from 'double' to 'float'
c:\users\akshi\visualstudioprojects\skeleton2017\skeleton2017_new_zip\skeleton2017\sample.cpp(662): warning C4305: '=': truncation from 'double' to 'float'
c:\users\akshi\visualstudioprojects\skeleton2017\skeleton2017_new_zip\skeleton2017\sample.cpp(663): warning C4305: '=': truncation from 'double' to 'float'
c:\users\akshi\visualstudioprojects\skeleton2017\skeleton2017_new_zip\skeleton2017\sample.cpp(664): warning C4305: '=': truncation from 'double' to 'float'
c:\users\akshi\visualstudioprojects\skeleton2017\skeleton2017_new_zip\skeleton2017\sample.cpp(667): warning C4305: '=': truncation from 'double' to 'float'
c:\users\akshi\visualstudioprojects\skeleton2017\skeleton2017_new_zip\skeleton2017\sample.cpp(669): warning C4305: '=': truncation from 'double' to 'float'
c:\users\akshi\visualstudioprojects\skeleton2017\skeleton2017_new_zip\skeleton2017\sample.cpp(1846): warning C4305: 'initializing': truncation from 'double' to 'GLfloat'
c:\users\akshi\visualstudioprojects\skeleton2017\skeleton2017_new_zip\skeleton2017\sample.cpp(1847): warning C4305: 'initializing': truncation from 'double' to 'GLfloat'
c:\users\akshi\visualstudioprojects\skeleton2017\skeleton2017_new_zip\skeleton2017\sample.cpp(1880): warning C4305: '=': truncation from 'double' to 'GLfloat'
c:\users\akshi\visualstudioprojects\skeleton2017\skeleton2017_new_zip\skeleton2017\sample.cpp(1928): warning C4018: '<': signed/unsigned mismatch
c:\users\akshi\visualstudioprojects\skeleton2017\skeleton2017_new_zip\skeleton2017\sample.cpp(1904): warning C4101: 'mat_diffuse': unreferenced local variable
c:\users\akshi\visualstudioprojects\skeleton2017\skeleton2017_new_zip\skeleton2017\sample.cpp(2022): warning C4101: 'jitter': unreferenced local variable
c:\users\akshi\visualstudioprojects\skeleton2017\skeleton2017_new_zip\skeleton2017\sample.cpp(2039): warning C4101: 'h': unreferenced local variable
c:\users\akshi\visualstudioprojects\skeleton2017\skeleton2017_new_zip\skeleton2017\sample.cpp(2039): warning C4101: 'w': unreferenced local variable
  Skeleton2017.vcxproj -> C:\Users\akshi\VisualStudioProjects\Skeleton2017\Skeleton2017_new_zip\Debug\Skeleton2017.exe
